#
# There is insufficient memory for the Java Runtime Environment to continue.
# Native memory allocation (mmap) failed to map 201326592 bytes for G1 virtual space
# Possible reasons:
#   The system is out of physical RAM or swap space
#   The process is running with CompressedOops enabled, and the Java Heap may be blocking the growth of the native heap
# Possible solutions:
#   Reduce memory load on the system
#   Increase physical memory or swap space
#   Check if swap backing store is full
#   Decrease Java heap size (-Xmx/-Xms)
#   Decrease number of Java threads
#   Decrease Java thread stack sizes (-Xss)
#   Set larger code cache with -XX:ReservedCodeCacheSize=
#   JVM is running with Zero Based Compressed Oops mode in which the Java heap is
#     placed in the first 32GB address space. The Java Heap base address is the
#     maximum limit for the native heap growth. Please use -XX:HeapBaseMinAddress
#     to set the Java Heap base and to place the Java Heap above 32GB virtual address.
# This output file may be truncated or incomplete.
#
#  Out of Memory Error (os_windows.cpp:3550), pid=20792, tid=19636
#
# JRE version:  (17.0.7+8) (build )
# Java VM: Java HotSpot(TM) 64-Bit Server VM (17.0.7+8-LTS-224, mixed mode, sharing, tiered, compressed oops, compressed class ptrs, g1 gc, windows-amd64)
# No core dump will be written. Minidumps are not enabled by default on client versions of Windows
#

---------------  S U M M A R Y ------------

Command Line: -Dfile.encoding=UTF-8 -XX:+ShowCodeDetailsInExceptionMessages FaculdadeProject.Classes.Faculdade

Host: Intel(R) Core(TM) i5-8250U CPU @ 1.60GHz, 8 cores, 11G,  Windows 11 , 64 bit Build 22621 (10.0.22621.1635)
Time: Thu Jun 15 14:12:54 2023 Hora oficial do Brasil elapsed time: 0.020843 seconds (0d 0h 0m 0s)

---------------  T H R E A D  ---------------

Current thread (0x0000027ce9e88b40):  JavaThread "Unknown thread" [_thread_in_vm, id=19636, stack(0x0000008d13000000,0x0000008d13100000)]

Stack: [0x0000008d13000000,0x0000008d13100000]
Native frames: (J=compiled Java code, j=interpreted, Vv=VM code, C=native code)
V  [jvm.dll+0x676a4a]
V  [jvm.dll+0x7d74f4]
V  [jvm.dll+0x7d8c9e]
V  [jvm.dll+0x7d9303]
V  [jvm.dll+0x2452c5]
V  [jvm.dll+0x6738f9]
V  [jvm.dll+0x668232]
V  [jvm.dll+0x302826]
V  [jvm.dll+0x309da6]
V  [jvm.dll+0x35952e]
V  [jvm.dll+0x35975f]
V  [jvm.dll+0x2d9a38]
V  [jvm.dll+0x2da9a4]
V  [jvm.dll+0x7a8fb1]
V  [jvm.dll+0x3670e1]
V  [jvm.dll+0x788359]
V  [jvm.dll+0x3ea5ef]
V  [jvm.dll+0x3ec071]
C  [jli.dll+0x5297]
C  [ucrtbase.dll+0x29363]
C  [KERNEL32.DLL+0x126ad]
C  [ntdll.dll+0x5a9f8]


---------------  P R O C E S S  ---------------

Threads class SMR info:
_java_thread_list=0x00007fff8fd64998, length=0, elements={
}

Java Threads: ( => current thread )

Other Threads:
  0x0000027ce9ee0b10 GCTaskThread "GC Thread#0" [stack: 0x0000008d13100000,0x0000008d13200000] [id=320]
  0x0000027ce9eed8e0 ConcurrentGCThread "G1 Main Marker" [stack: 0x0000008d13200000,0x0000008d13300000] [id=19036]
  0x0000027ce9eeebf0 ConcurrentGCThread "G1 Conc#0" [stack: 0x0000008d13300000,0x0000008d13400000] [id=18580]

[error occurred during error reporting (printing all threads), id 0xc0000005, EXCEPTION_ACCESS_VIOLATION (0xc0000005) at pc=0x00007fff8f59a697]

VM state: not at safepoint (not fully initialized)

VM Mutex/Monitor currently owned by a thread:  ([mutex/lock_event])
[0x0000027ce9e85700] Heap_lock - owner thread: 0x0000027ce9e88b40

Heap address: 0x0000000741600000, size: 3050 MB, Compressed Oops mode: Zero based, Oop shift amount: 3

CDS archive(s) mapped at: [0x0000000000000000-0x0000000000000000-0x0000000000000000), size 0, SharedBaseAddress: 0x0000000800000000, ArchiveRelocationMode: 0.
Narrow klass base: 0x0000000000000000, Narrow klass shift: 0, Narrow klass range: 0x0

GC Precious Log:
<Empty>

Heap:
 garbage-first heap   total 0K, used 0K [0x0000000741600000, 0x0000000800000000)
  region size 2048K, 0 young (0K), 0 survivors (0K)

[error occurred during error reporting (printing heap information), id 0xc0000005, EXCEPTION_ACCESS_VIOLATION (0xc0000005) at pc=0x00007fff8f9800b9]

GC Heap History (0 events):
No events

Deoptimization events (0 events):
No events

Classes unloaded (0 events):
No events

Classes redefined (0 events):
No events

Internal exceptions (0 events):
No events

VM Operations (0 events):
No events

Events (1 events):
Event: 0.010 Loaded shared library C:\Program Files\Java\jdk-17\bin\java.dll


Dynamic libraries:
0x00007ff680070000 - 0x00007ff680080000 	C:\Program Files\Java\jdk-17\bin\javaw.exe
0x00007ff81e9d0000 - 0x00007ff81ebe4000 	C:\WINDOWS\SYSTEM32\ntdll.dll
0x00007ff81d1f0000 - 0x00007ff81d2b2000 	C:\WINDOWS\System32\KERNEL32.DLL
0x00007ff81c360000 - 0x00007ff81c703000 	C:\WINDOWS\System32\KERNELBASE.dll
0x00007ff81bf10000 - 0x00007ff81c021000 	C:\WINDOWS\System32\ucrtbase.dll
0x00007fffe96d0000 - 0x00007fffe96eb000 	C:\Program Files\Java\jdk-17\bin\VCRUNTIME140.dll
0x00007fffeede0000 - 0x00007fffeedf9000 	C:\Program Files\Java\jdk-17\bin\jli.dll
0x00007ff81e310000 - 0x00007ff81e3be000 	C:\WINDOWS\System32\ADVAPI32.dll
0x00007ff81ca00000 - 0x00007ff81caa7000 	C:\WINDOWS\System32\msvcrt.dll
0x00007ff81e8d0000 - 0x00007ff81e974000 	C:\WINDOWS\System32\sechost.dll
0x00007ff81d930000 - 0x00007ff81da47000 	C:\WINDOWS\System32\RPCRT4.dll
0x00007ff81e3c0000 - 0x00007ff81e56b000 	C:\WINDOWS\System32\USER32.dll
0x00007ff81c0a0000 - 0x00007ff81c0c6000 	C:\WINDOWS\System32\win32u.dll
0x00007ff809f10000 - 0x00007ff80a19e000 	C:\WINDOWS\WinSxS\amd64_microsoft.windows.common-controls_6595b64144ccf1df_6.0.22621.1635_none_270f70857386168e\COMCTL32.dll
0x00007ff81d2e0000 - 0x00007ff81d309000 	C:\WINDOWS\System32\GDI32.dll
0x00007ff81c240000 - 0x00007ff81c358000 	C:\WINDOWS\System32\gdi32full.dll
0x00007ff81bdf0000 - 0x00007ff81be8a000 	C:\WINDOWS\System32\msvcp_win.dll
0x00007ff816cf0000 - 0x00007ff816cfa000 	C:\WINDOWS\SYSTEM32\VERSION.dll
0x00007ff81da50000 - 0x00007ff81da81000 	C:\WINDOWS\System32\IMM32.DLL
0x00007ff815ec0000 - 0x00007ff815ecc000 	C:\Program Files\Java\jdk-17\bin\vcruntime140_1.dll
0x00007fffce650000 - 0x00007fffce6de000 	C:\Program Files\Java\jdk-17\bin\msvcp140.dll
0x00007fff8f2b0000 - 0x00007fff8fe8d000 	C:\Program Files\Java\jdk-17\bin\server\jvm.dll
0x00007ff81c7d0000 - 0x00007ff81c7d8000 	C:\WINDOWS\System32\PSAPI.DLL
0x00007ff802650000 - 0x00007ff802659000 	C:\WINDOWS\SYSTEM32\WSOCK32.dll
0x00007ff8119d0000 - 0x00007ff811a04000 	C:\WINDOWS\SYSTEM32\WINMM.dll
0x00007ff81e290000 - 0x00007ff81e301000 	C:\WINDOWS\System32\WS2_32.dll
0x00007ff81ae00000 - 0x00007ff81ae18000 	C:\WINDOWS\SYSTEM32\kernel.appcore.dll
0x00007ff816a10000 - 0x00007ff816a1a000 	C:\Program Files\Java\jdk-17\bin\jimage.dll
0x00007ff816eb0000 - 0x00007ff8170de000 	C:\WINDOWS\SYSTEM32\DBGHELP.DLL
0x00007ff81ce60000 - 0x00007ff81d1e9000 	C:\WINDOWS\System32\combase.dll
0x00007ff81e6f0000 - 0x00007ff81e7c7000 	C:\WINDOWS\System32\OLEAUT32.dll
0x00007ff816e70000 - 0x00007ff816ea2000 	C:\WINDOWS\SYSTEM32\dbgcore.DLL
0x00007ff81be90000 - 0x00007ff81bf0b000 	C:\WINDOWS\System32\bcryptPrimitives.dll
0x00007fffdace0000 - 0x00007fffdad05000 	C:\Program Files\Java\jdk-17\bin\java.dll

dbghelp: loaded successfully - version: 4.0.5 - missing functions: none
symbol engine: initialized successfully - sym options: 0x614 - pdb path: .;C:\Program Files\Java\jdk-17\bin;C:\WINDOWS\SYSTEM32;C:\WINDOWS\WinSxS\amd64_microsoft.windows.common-controls_6595b64144ccf1df_6.0.22621.1635_none_270f70857386168e;C:\Program Files\Java\jdk-17\bin\server

VM Arguments:
jvm_args: -Dfile.encoding=UTF-8 -XX:+ShowCodeDetailsInExceptionMessages 
java_command: FaculdadeProject.Classes.Faculdade
java_class_path (initial): C:\Users\phdsd\OneDrive\Área de Trabalho\Java\Java-Exercises\bin
Launcher Type: SUN_STANDARD

[Global flags]
     intx CICompilerCount                          = 4                                         {product} {ergonomic}
     uint ConcGCThreads                            = 2                                         {product} {ergonomic}
     uint G1ConcRefinementThreads                  = 8                                         {product} {ergonomic}
   size_t G1HeapRegionSize                         = 2097152                                   {product} {ergonomic}
    uintx GCDrainStackTargetSize                   = 64                                        {product} {ergonomic}
   size_t InitialHeapSize                          = 201326592                                 {product} {ergonomic}
   size_t MarkStackSize                            = 4194304                                   {product} {ergonomic}
   size_t MaxHeapSize                              = 3198156800                                {product} {ergonomic}
   size_t MinHeapDeltaBytes                        = 2097152                                   {product} {ergonomic}
   size_t MinHeapSize                              = 8388608                                   {product} {ergonomic}
    uintx NonNMethodCodeHeapSize                   = 5839372                                {pd product} {ergonomic}
    uintx NonProfiledCodeHeapSize                  = 122909434                              {pd product} {ergonomic}
    uintx ProfiledCodeHeapSize                     = 122909434                              {pd product} {ergonomic}
    uintx ReservedCodeCacheSize                    = 251658240                              {pd product} {ergonomic}
     bool SegmentedCodeCache                       = true                                      {product} {ergonomic}
     bool ShowCodeDetailsInExceptionMessages       = true                                   {manageable} {command line}
   size_t SoftMaxHeapSize                          = 3198156800                             {manageable} {ergonomic}
     bool UseCompressedClassPointers               = true                           {product lp64_product} {ergonomic}
     bool UseCompressedOops                        = true                           {product lp64_product} {ergonomic}
     bool UseG1GC                                  = true                                      {product} {ergonomic}
     bool UseLargePagesIndividualAllocation        = false                                  {pd product} {ergonomic}

Logging:
Log output configuration:
 #0: stdout all=warning uptime,level,tags
 #1: stderr all=off uptime,level,tags

Environment Variables:
JAVA_HOME=C:\Program Files\Java\jdk-17
PATH=C:/Program Files/Java/jdk-17/bin/server;C:/Program Files/Java/jdk-17/bin;C:\Program Files\Common Files\Oracle\Java\javapath;C:\WINDOWS\system32;C:\WINDOWS;C:\WINDOWS\System32\Wbem;C:\WINDOWS\System32\WindowsPowerShell\v1.0\;C:\WINDOWS\System32\OpenSSH\;C:\Program Files\Java\jdk-17\bin;C:\Program Files\Git\cmd;C:\Program Files\Microsoft SQL Server\Client SDK\ODBC\110\Tools\Binn\;C:\Program Files (x86)\Microsoft SQL Server\120\Tools\Binn\;C:\Program Files\Microsoft SQL Server\120\Tools\Binn\;C:\Program Files\Microsoft SQL Server\120\DTS\Binn\;C:\Program Files (x86)\Microsoft SQL Server\120\Tools\Binn\ManagementStudio\;C:\Program Files (x86)\Microsoft SQL Server\120\DTS\Binn\;C:\Program Files\cURL\bin;C:\Users\phdsd\AppData\Local\Microsoft\WindowsApps;;C:\Users\phdsd\AppData\Local\Programs\Microsoft VS Code\bin;C:\WINDOWS\system32;
USERNAME=phdsd
OS=Windows_NT
PROCESSOR_IDENTIFIER=Intel64 Family 6 Model 142 Stepping 10, GenuineIntel



---------------  S Y S T E M  ---------------

OS:
 Windows 11 , 64 bit Build 22621 (10.0.22621.1635)
OS uptime: 0 days 5:25 hours
Hyper-V role detected

CPU: total 8 (initial active 8) (4 cores per cpu, 2 threads per core) family 6 model 142 stepping 10 microcode 0xea, cx8, cmov, fxsr, ht, mmx, 3dnowpref, sse, sse2, sse3, ssse3, sse4.1, sse4.2, popcnt, lzcnt, tsc, tscinvbit, avx, avx2, aes, erms, clmul, bmi1, bmi2, adx, fma, vzeroupper, clflush, clflushopt, hv

Memory: 4k page, system-wide physical 12197M (3452M free)
TotalPageFile size 27924M (AvailPageFile size 97M)
current process WorkingSet (physical memory assigned to process): 11M, peak: 11M
current process commit charge ("private bytes"): 60M, peak: 252M

vm_info: Java HotSpot(TM) 64-Bit Server VM (17.0.7+8-LTS-224) for windows-amd64 JRE (17.0.7+8-LTS-224), built on Feb 28 2023 23:03:02 by "mach5one" with MS VC++ 17.1 (VS2022)

END.
